{
	"start":	{
		"connected":	[{
				"socket":	5,
				"local_host":	"192.168.1.4",
				"local_port":	5002,
				"remote_host":	"192.168.1.43",
				"remote_port":	46700
			}],
		"version":	"iperf 3.1.3",
		"system_info":	"Linux test2 3.16.2-mithleshkernel #1 SMP Thu Sep 11 15:38:15 IST 2014 x86_64",
		"timestamp":	{
			"time":	"Tue, 26 Sep 2017 12:03:27 GMT",
			"timesecs":	1506427407
		},
		"accepted_connection":	{
			"host":	"192.168.1.43",
			"port":	41774
		},
		"cookie":	"localhost.1506427407.098182.5ef9304f",
		"test_start":	{
			"protocol":	"UDP",
			"num_streams":	1,
			"blksize":	8192,
			"omit":	0,
			"duration":	5,
			"bytes":	0,
			"blocks":	0,
			"reverse":	1
		}
	},
	"intervals":	[{
			"streams":	[{
					"socket":	5,
					"start":	0,
					"end":	1.000103,
					"seconds":	1.000103,
					"bytes":	24158208,
					"bits_per_second":	193245760.300018,
					"packets":	2949,
					"omitted":	false
				}],
			"sum":	{
				"start":	0,
				"end":	1.000103,
				"seconds":	1.000103,
				"bytes":	24158208,
				"bits_per_second":	193245760.300018,
				"packets":	2949,
				"omitted":	false
			}
		}, {
			"streams":	[{
					"socket":	5,
					"start":	1.000103,
					"end":	2.000110,
					"seconds":	1.000007,
					"bytes":	26214400,
					"bits_per_second":	209713750.010025,
					"packets":	3200,
					"omitted":	false
				}],
			"sum":	{
				"start":	1.000103,
				"end":	2.000110,
				"seconds":	1.000007,
				"bytes":	26214400,
				"bits_per_second":	209713750.010025,
				"packets":	3200,
				"omitted":	false
			}
		}, {
			"streams":	[{
					"socket":	5,
					"start":	2.000110,
					"end":	3.000113,
					"seconds":	1.000003,
					"bytes":	26214400,
					"bits_per_second":	209714550.002015,
					"packets":	3200,
					"omitted":	false
				}],
			"sum":	{
				"start":	2.000110,
				"end":	3.000113,
				"seconds":	1.000003,
				"bytes":	26214400,
				"bits_per_second":	209714550.002015,
				"packets":	3200,
				"omitted":	false
			}
		}, {
			"streams":	[{
					"socket":	5,
					"start":	3.000113,
					"end":	4.000143,
					"seconds":	1.000030,
					"bytes":	26222592,
					"bits_per_second":	209774434.220560,
					"packets":	3201,
					"omitted":	false
				}],
			"sum":	{
				"start":	3.000113,
				"end":	4.000143,
				"seconds":	1.000030,
				"bytes":	26222592,
				"bits_per_second":	209774434.220560,
				"packets":	3201,
				"omitted":	false
			}
		}, {
			"streams":	[{
					"socket":	5,
					"start":	4.000143,
					"end":	5.000143,
					"seconds":	1,
					"bytes":	26206208,
					"bits_per_second":	209649664,
					"packets":	3199,
					"omitted":	false
				}],
			"sum":	{
				"start":	4.000143,
				"end":	5.000143,
				"seconds":	1,
				"bytes":	26206208,
				"bits_per_second":	209649664,
				"packets":	3199,
				"omitted":	false
			}
		}, {
			"streams":	[{
					"socket":	5,
					"start":	5.000143,
					"end":	5.056171,
					"seconds":	0.056028,
					"bytes":	2629632,
					"bits_per_second":	375474719.482821,
					"packets":	321,
					"omitted":	false
				}],
			"sum":	{
				"start":	5.000143,
				"end":	5.056171,
				"seconds":	0.056028,
				"bytes":	2629632,
				"bits_per_second":	375474719.482821,
				"packets":	321,
				"omitted":	false
			}
		}],
	"end":	{
		"streams":	[{
				"udp":	{
					"socket":	5,
					"start":	0,
					"end":	5.056171,
					"seconds":	5.056171,
					"bytes":	131645440,
					"bits_per_second":	208292704.581079,
					"jitter_ms":	0,
					"lost_packets":	0,
					"packets":	16070,
					"lost_percent":	0,
					"out_of_order":	0
				}
			}],
		"sum":	{
			"start":	0,
			"end":	5.056171,
			"seconds":	5.056171,
			"bytes":	131645440,
			"bits_per_second":	208292704.581079,
			"jitter_ms":	0,
			"lost_packets":	0,
			"packets":	16070,
			"lost_percent":	0
		},
		"cpu_utilization_percent":	{
			"host_total":	4.237692,
			"host_user":	0.599923,
			"host_system":	3.637769,
			"remote_total":	0,
			"remote_user":	0,
			"remote_system":	0
		}
	}
}
{
	"start":	{
		"connected":	[],
		"version":	"iperf 3.1.3",
		"system_info":	"Linux test2 3.16.2-mithleshkernel #1 SMP Thu Sep 11 15:38:15 IST 2014 x86_64"
	},
	"intervals":	[],
	"end":	{
	},
	"error":	"interrupt - the server has terminated"
}
