{
	"start":	{
		"connected":	[{
				"socket":	4,
				"local_host":	"192.168.1.43",
				"local_port":	46700,
				"remote_host":	"192.168.1.4",
				"remote_port":	5002
			}],
		"version":	"iperf 3-ANDROID",
		"system_info":	"Linux localhost 3.18.52-g06de20685970 #1 SMP PREEMPT Fri Jun 23 19:50:11 UTC 2017 aarch64",
		"timestamp":	{
			"time":	"Tue, 26 Sep 2017 12:03:27 GMT",
			"timesecs":	1506427407
		},
		"connecting_to":	{
			"host":	"192.168.1.4",
			"port":	5002
		},
		"cookie":	"localhost.1506427407.098182.5ef9304f",
		"test_start":	{
			"protocol":	"UDP",
			"num_streams":	1,
			"blksize":	8192,
			"omit":	0,
			"duration":	5,
			"bytes":	0,
			"blocks":	0,
			"reverse":	1
		}
	},
	"intervals":	[{
			"streams":	[{
					"socket":	4,
					"start":	0,
					"end":	1.0022,
					"seconds":	1.0022,
					"bytes":	2007040,
					"bits_per_second":	1.60211e+07,
					"jitter_ms":	4.89033,
					"lost_packets":	8,
					"packets":	253,
					"lost_percent":	3.16206,
					"omitted":	false
				}],
			"sum":	{
				"start":	0,
				"end":	1.0022,
				"seconds":	1.0022,
				"bytes":	2007040,
				"bits_per_second":	1.60211e+07,
				"jitter_ms":	4.89033,
				"lost_packets":	8,
				"packets":	253,
				"lost_percent":	3.16206,
				"omitted":	false
			}
		}, {
			"streams":	[{
					"socket":	4,
					"start":	1.0022,
					"end":	2.00025,
					"seconds":	0.998049,
					"bytes":	1720320,
					"bits_per_second":	1.37895e+07,
					"jitter_ms":	4.96835,
					"lost_packets":	1904,
					"packets":	2114,
					"lost_percent":	90.0662,
					"omitted":	false
				}],
			"sum":	{
				"start":	1.0022,
				"end":	2.00025,
				"seconds":	0.998049,
				"bytes":	1720320,
				"bits_per_second":	1.37895e+07,
				"jitter_ms":	4.96835,
				"lost_packets":	1904,
				"packets":	2114,
				"lost_percent":	90.0662,
				"omitted":	false
			}
		}, {
			"streams":	[{
					"socket":	4,
					"start":	2.00025,
					"end":	3.0002,
					"seconds":	0.999947,
					"bytes":	892928,
					"bits_per_second":	7.1438e+06,
					"jitter_ms":	16.1747,
					"lost_packets":	2742,
					"packets":	2851,
					"lost_percent":	96.1768,
					"omitted":	false
				}],
			"sum":	{
				"start":	2.00025,
				"end":	3.0002,
				"seconds":	0.999947,
				"bytes":	892928,
				"bits_per_second":	7.1438e+06,
				"jitter_ms":	16.1747,
				"lost_packets":	2742,
				"packets":	2851,
				"lost_percent":	96.1768,
				"omitted":	false
			}
		}, {
			"streams":	[{
					"socket":	4,
					"start":	3.0002,
					"end":	4.00032,
					"seconds":	1.00012,
					"bytes":	827392,
					"bits_per_second":	6.61832e+06,
					"jitter_ms":	11.3888,
					"lost_packets":	831,
					"packets":	932,
					"lost_percent":	89.1631,
					"omitted":	false
				}],
			"sum":	{
				"start":	3.0002,
				"end":	4.00032,
				"seconds":	1.00012,
				"bytes":	827392,
				"bits_per_second":	6.61832e+06,
				"jitter_ms":	11.3888,
				"lost_packets":	831,
				"packets":	932,
				"lost_percent":	89.1631,
				"omitted":	false
			}
		}, {
			"streams":	[{
					"socket":	4,
					"start":	4.00032,
					"end":	5.00033,
					"seconds":	1.00001,
					"bytes":	1343488,
					"bits_per_second":	1.07478e+07,
					"jitter_ms":	15.894,
					"lost_packets":	3687,
					"packets":	3851,
					"lost_percent":	95.7414,
					"omitted":	false
				}],
			"sum":	{
				"start":	4.00032,
				"end":	5.00033,
				"seconds":	1.00001,
				"bytes":	1343488,
				"bits_per_second":	1.07478e+07,
				"jitter_ms":	15.894,
				"lost_packets":	3687,
				"packets":	3851,
				"lost_percent":	95.7414,
				"omitted":	false
			}
		}],
	"end":	{
		"streams":	[{
				"udp":	{
					"socket":	4,
					"start":	0,
					"end":	5.00033,
					"seconds":	5.00033,
					"bytes":	131645440,
					"bits_per_second":	2.10619e+08,
					"jitter_ms":	5.2683,
					"lost_packets":	14691,
					"packets":	15760,
					"lost_percent":	93.217
				}
			}],
		"sum":	{
			"start":	0,
			"end":	5.00033,
			"seconds":	5.00033,
			"bytes":	131645440,
			"bits_per_second":	2.10619e+08,
			"jitter_ms":	5.2683,
			"lost_packets":	14691,
			"packets":	15760,
			"lost_percent":	93.217
		},
		"cpu_utilization_percent":	{
			"host_total":	1.22959,
			"host_user":	0.257368,
			"host_system":	1.02943,
			"remote_total":	4.23769,
			"remote_user":	0.599923,
			"remote_system":	3.63777
		}
	}
}
