{
	"start":	{
		"connected":	[{
				"socket":	5,
				"local_host":	"192.168.1.4",
				"local_port":	5002,
				"remote_host":	"192.168.1.43",
				"remote_port":	41772
			}],
		"version":	"iperf 3.1.3",
		"system_info":	"Linux test2 3.16.2-mithleshkernel #1 SMP Thu Sep 11 15:38:15 IST 2014 x86_64",
		"timestamp":	{
			"time":	"Tue, 26 Sep 2017 12:02:00 GMT",
			"timesecs":	1506427320
		},
		"accepted_connection":	{
			"host":	"192.168.1.43",
			"port":	41771
		},
		"cookie":	"localhost.1506427320.441891.171c1142",
		"tcp_mss_default":	1448,
		"test_start":	{
			"protocol":	"TCP",
			"num_streams":	1,
			"blksize":	131072,
			"omit":	0,
			"duration":	5,
			"bytes":	0,
			"blocks":	0,
			"reverse":	1
		}
	},
	"intervals":	[{
			"streams":	[{
					"socket":	5,
					"start":	0,
					"end":	1.000111,
					"seconds":	1.000111,
					"bytes":	786264,
					"bits_per_second":	6289413.226958,
					"retransmits":	0,
					"snd_cwnd":	44888,
					"rtt":	29736,
					"omitted":	false
				}],
			"sum":	{
				"start":	0,
				"end":	1.000111,
				"seconds":	1.000111,
				"bytes":	786264,
				"bits_per_second":	6289413.226958,
				"retransmits":	0,
				"omitted":	false
			}
		}, {
			"streams":	[{
					"socket":	5,
					"start":	1.000111,
					"end":	2.000111,
					"seconds":	1,
					"bytes":	844184,
					"bits_per_second":	6753472,
					"retransmits":	0,
					"snd_cwnd":	83984,
					"rtt":	70691,
					"omitted":	false
				}],
			"sum":	{
				"start":	1.000111,
				"end":	2.000111,
				"seconds":	1,
				"bytes":	844184,
				"bits_per_second":	6753472,
				"retransmits":	0,
				"omitted":	false
			}
		}, {
			"streams":	[{
					"socket":	5,
					"start":	2.000111,
					"end":	3.000238,
					"seconds":	1.000127,
					"bytes":	835496,
					"bits_per_second":	6683118.728635,
					"retransmits":	1,
					"snd_cwnd":	79640,
					"rtt":	152096,
					"omitted":	false
				}],
			"sum":	{
				"start":	2.000111,
				"end":	3.000238,
				"seconds":	1.000127,
				"bytes":	835496,
				"bits_per_second":	6683118.728635,
				"retransmits":	1,
				"omitted":	false
			}
		}, {
			"streams":	[{
					"socket":	5,
					"start":	3.000238,
					"end":	4.000090,
					"seconds":	0.999852,
					"bytes":	951336,
					"bits_per_second":	7611814.989629,
					"retransmits":	20,
					"snd_cwnd":	60816,
					"rtt":	52141,
					"omitted":	false
				}],
			"sum":	{
				"start":	3.000238,
				"end":	4.000090,
				"seconds":	0.999852,
				"bytes":	951336,
				"bits_per_second":	7611814.989629,
				"retransmits":	20,
				"omitted":	false
			}
		}, {
			"streams":	[{
					"socket":	5,
					"start":	4.000090,
					"end":	5.000094,
					"seconds":	1.000004,
					"bytes":	1578320,
					"bits_per_second":	12626508.823297,
					"retransmits":	0,
					"snd_cwnd":	66608,
					"rtt":	90160,
					"omitted":	false
				}],
			"sum":	{
				"start":	4.000090,
				"end":	5.000094,
				"seconds":	1.000004,
				"bytes":	1578320,
				"bits_per_second":	12626508.823297,
				"retransmits":	0,
				"omitted":	false
			}
		}, {
			"streams":	[{
					"socket":	5,
					"start":	5.000094,
					"end":	5.115932,
					"seconds":	0.115838,
					"bytes":	0,
					"bits_per_second":	0,
					"retransmits":	0,
					"snd_cwnd":	66608,
					"rtt":	108882,
					"omitted":	false
				}],
			"sum":	{
				"start":	5.000094,
				"end":	5.115932,
				"seconds":	0.115838,
				"bytes":	0,
				"bits_per_second":	0,
				"retransmits":	0,
				"omitted":	false
			}
		}],
	"end":	{
		"streams":	[{
				"sender":	{
					"socket":	5,
					"start":	0,
					"end":	5.115932,
					"seconds":	5.115932,
					"bytes":	4995600,
					"bits_per_second":	7811831.399071,
					"retransmits":	21,
					"max_snd_cwnd":	83984,
					"max_rtt":	152096,
					"min_rtt":	29736,
					"mean_rtt":	83951
				},
				"receiver":	{
					"socket":	5,
					"start":	0,
					"end":	5.115932,
					"seconds":	5.115932,
					"bytes":	0,
					"bits_per_second":	0
				}
			}],
		"sum_sent":	{
			"start":	0,
			"end":	5.115932,
			"seconds":	5.115932,
			"bytes":	4995600,
			"bits_per_second":	7811831.399071,
			"retransmits":	21
		},
		"sum_received":	{
			"start":	0,
			"end":	5.115932,
			"seconds":	5.115932,
			"bytes":	0,
			"bits_per_second":	0
		},
		"cpu_utilization_percent":	{
			"host_total":	0.109661,
			"host_user":	0.038927,
			"host_system":	0.070705,
			"remote_total":	0,
			"remote_user":	0,
			"remote_system":	0
		}
	}
}
{
	"start":	{
		"connected":	[],
		"version":	"iperf 3.1.3",
		"system_info":	"Linux test2 3.16.2-mithleshkernel #1 SMP Thu Sep 11 15:38:15 IST 2014 x86_64"
	},
	"intervals":	[],
	"end":	{
	},
	"error":	"interrupt - the server has terminated"
}
