{
	"start":	{
		"connected":	[{
				"socket":	5,
				"local_host":	"192.168.1.4",
				"local_port":	5002,
				"remote_host":	"192.168.1.43",
				"remote_port":	49525
			}],
		"version":	"iperf 3.1.3",
		"system_info":	"Linux test2 3.16.2-mithleshkernel #1 SMP Thu Sep 11 15:38:15 IST 2014 x86_64",
		"timestamp":	{
			"time":	"Tue, 26 Sep 2017 11:59:26 GMT",
			"timesecs":	1506427166
		},
		"accepted_connection":	{
			"host":	"192.168.1.43",
			"port":	41767
		},
		"cookie":	"localhost.1506427166.131826.7ab1a96d",
		"test_start":	{
			"protocol":	"UDP",
			"num_streams":	1,
			"blksize":	8192,
			"omit":	0,
			"duration":	5,
			"bytes":	0,
			"blocks":	0,
			"reverse":	0
		}
	},
	"intervals":	[{
			"streams":	[{
					"socket":	5,
					"start":	0,
					"end":	1.000239,
					"seconds":	1.000239,
					"bytes":	147456,
					"bits_per_second":	1179365.973692,
					"jitter_ms":	38.941996,
					"lost_packets":	0,
					"packets":	18,
					"lost_percent":	0,
					"omitted":	false
				}],
			"sum":	{
				"start":	0,
				"end":	1.000239,
				"seconds":	1.000239,
				"bytes":	147456,
				"bits_per_second":	1179365.973692,
				"jitter_ms":	38.941996,
				"lost_packets":	0,
				"packets":	18,
				"lost_percent":	0,
				"omitted":	false
			}
		}, {
			"streams":	[{
					"socket":	5,
					"start":	1.000239,
					"end":	2.000223,
					"seconds":	0.999984,
					"bytes":	139264,
					"bits_per_second":	1114130.062793,
					"jitter_ms":	51.606179,
					"lost_packets":	1,
					"packets":	18,
					"lost_percent":	5.555556,
					"omitted":	false
				}],
			"sum":	{
				"start":	1.000239,
				"end":	2.000223,
				"seconds":	0.999984,
				"bytes":	139264,
				"bits_per_second":	1114130.062793,
				"jitter_ms":	51.606179,
				"lost_packets":	1,
				"packets":	18,
				"lost_percent":	5.555556,
				"omitted":	false
			}
		}, {
			"streams":	[{
					"socket":	5,
					"start":	2.000223,
					"end":	3.000325,
					"seconds":	1.000102,
					"bytes":	98304,
					"bits_per_second":	786351.758188,
					"jitter_ms":	71.808688,
					"lost_packets":	0,
					"packets":	12,
					"lost_percent":	0,
					"omitted":	false
				}],
			"sum":	{
				"start":	2.000223,
				"end":	3.000325,
				"seconds":	1.000102,
				"bytes":	98304,
				"bits_per_second":	786351.758188,
				"jitter_ms":	71.808688,
				"lost_packets":	0,
				"packets":	12,
				"lost_percent":	0,
				"omitted":	false
			}
		}, {
			"streams":	[{
					"socket":	5,
					"start":	3.000325,
					"end":	4.000085,
					"seconds":	0.999760,
					"bytes":	90112,
					"bits_per_second":	721068.947731,
					"jitter_ms":	77.162588,
					"lost_packets":	0,
					"packets":	11,
					"lost_percent":	0,
					"omitted":	false
				}],
			"sum":	{
				"start":	3.000325,
				"end":	4.000085,
				"seconds":	0.999760,
				"bytes":	90112,
				"bits_per_second":	721068.947731,
				"jitter_ms":	77.162588,
				"lost_packets":	0,
				"packets":	11,
				"lost_percent":	0,
				"omitted":	false
			}
		}, {
			"streams":	[{
					"socket":	5,
					"start":	4.000085,
					"end":	5.000268,
					"seconds":	1.000183,
					"bytes":	49152,
					"bits_per_second":	393144.106897,
					"jitter_ms":	75.469038,
					"lost_packets":	0,
					"packets":	6,
					"lost_percent":	0,
					"omitted":	false
				}],
			"sum":	{
				"start":	4.000085,
				"end":	5.000268,
				"seconds":	1.000183,
				"bytes":	49152,
				"bits_per_second":	393144.106897,
				"jitter_ms":	75.469038,
				"lost_packets":	0,
				"packets":	6,
				"lost_percent":	0,
				"omitted":	false
			}
		}, {
			"streams":	[{
					"socket":	5,
					"start":	5.000268,
					"end":	5.945470,
					"seconds":	0.945202,
					"bytes":	24576,
					"bits_per_second":	208006.306231,
					"jitter_ms":	76.769118,
					"lost_packets":	2,
					"packets":	5,
					"lost_percent":	40,
					"omitted":	false
				}],
			"sum":	{
				"start":	5.000268,
				"end":	5.945470,
				"seconds":	0.945202,
				"bytes":	24576,
				"bits_per_second":	208006.306231,
				"jitter_ms":	76.769118,
				"lost_packets":	2,
				"packets":	5,
				"lost_percent":	40,
				"omitted":	false
			}
		}],
	"end":	{
		"streams":	[{
				"udp":	{
					"socket":	5,
					"start":	0,
					"end":	5.945470,
					"seconds":	5.945470,
					"bytes":	0,
					"bits_per_second":	0,
					"jitter_ms":	76.769118,
					"lost_packets":	3,
					"packets":	70,
					"lost_percent":	4.285714,
					"out_of_order":	0
				}
			}],
		"sum":	{
			"start":	0,
			"end":	5.945470,
			"seconds":	5.945470,
			"bytes":	0,
			"bits_per_second":	0,
			"jitter_ms":	76.769118,
			"lost_packets":	3,
			"packets":	70,
			"lost_percent":	4.285714
		},
		"cpu_utilization_percent":	{
			"host_total":	0.008673,
			"host_user":	0,
			"host_system":	0.008675,
			"remote_total":	0,
			"remote_user":	0,
			"remote_system":	0
		}
	}
}
{
	"start":	{
		"connected":	[],
		"version":	"iperf 3.1.3",
		"system_info":	"Linux test2 3.16.2-mithleshkernel #1 SMP Thu Sep 11 15:38:15 IST 2014 x86_64"
	},
	"intervals":	[],
	"end":	{
	},
	"error":	"interrupt - the server has terminated"
}
