{
	"start":	{
		"connected":	[{
				"socket":	5,
				"local_host":	"192.168.1.4",
				"local_port":	5002,
				"remote_host":	"192.168.1.43",
				"remote_port":	48221
			}],
		"version":	"iperf 3.1.3",
		"system_info":	"Linux test2 3.16.2-mithleshkernel #1 SMP Thu Sep 11 15:38:15 IST 2014 x86_64",
		"timestamp":	{
			"time":	"Tue, 26 Sep 2017 12:02:50 GMT",
			"timesecs":	1506427370
		},
		"accepted_connection":	{
			"host":	"192.168.1.43",
			"port":	41773
		},
		"cookie":	"localhost.1506427370.645643.10056410",
		"test_start":	{
			"protocol":	"UDP",
			"num_streams":	1,
			"blksize":	8192,
			"omit":	0,
			"duration":	5,
			"bytes":	0,
			"blocks":	0,
			"reverse":	0
		}
	},
	"intervals":	[{
			"streams":	[{
					"socket":	5,
					"start":	0,
					"end":	1.000142,
					"seconds":	1.000142,
					"bytes":	65536,
					"bits_per_second":	524213.510585,
					"jitter_ms":	43.293507,
					"lost_packets":	1,
					"packets":	9,
					"lost_percent":	11.111111,
					"omitted":	false
				}],
			"sum":	{
				"start":	0,
				"end":	1.000142,
				"seconds":	1.000142,
				"bytes":	65536,
				"bits_per_second":	524213.510585,
				"jitter_ms":	43.293507,
				"lost_packets":	1,
				"packets":	9,
				"lost_percent":	11.111111,
				"omitted":	false
			}
		}, {
			"streams":	[{
					"socket":	5,
					"start":	1.000142,
					"end":	2.000113,
					"seconds":	0.999971,
					"bytes":	237568,
					"bits_per_second":	1900599.282858,
					"jitter_ms":	37.728315,
					"lost_packets":	0,
					"packets":	29,
					"lost_percent":	0,
					"omitted":	false
				}],
			"sum":	{
				"start":	1.000142,
				"end":	2.000113,
				"seconds":	0.999971,
				"bytes":	237568,
				"bits_per_second":	1900599.282858,
				"jitter_ms":	37.728315,
				"lost_packets":	0,
				"packets":	29,
				"lost_percent":	0,
				"omitted":	false
			}
		}, {
			"streams":	[{
					"socket":	5,
					"start":	2.000113,
					"end":	3.000078,
					"seconds":	0.999965,
					"bytes":	122880,
					"bits_per_second":	983074.454333,
					"jitter_ms":	51.520427,
					"lost_packets":	0,
					"packets":	15,
					"lost_percent":	0,
					"omitted":	false
				}],
			"sum":	{
				"start":	2.000113,
				"end":	3.000078,
				"seconds":	0.999965,
				"bytes":	122880,
				"bits_per_second":	983074.454333,
				"jitter_ms":	51.520427,
				"lost_packets":	0,
				"packets":	15,
				"lost_percent":	0,
				"omitted":	false
			}
		}, {
			"streams":	[{
					"socket":	5,
					"start":	3.000078,
					"end":	4.000161,
					"seconds":	1.000083,
					"bytes":	90112,
					"bits_per_second":	720836.192462,
					"jitter_ms":	69.587996,
					"lost_packets":	1,
					"packets":	12,
					"lost_percent":	8.333333,
					"omitted":	false
				}],
			"sum":	{
				"start":	3.000078,
				"end":	4.000161,
				"seconds":	1.000083,
				"bytes":	90112,
				"bits_per_second":	720836.192462,
				"jitter_ms":	69.587996,
				"lost_packets":	1,
				"packets":	12,
				"lost_percent":	8.333333,
				"omitted":	false
			}
		}, {
			"streams":	[{
					"socket":	5,
					"start":	4.000161,
					"end":	5.000123,
					"seconds":	0.999962,
					"bytes":	237568,
					"bits_per_second":	1900616.049606,
					"jitter_ms":	48.061024,
					"lost_packets":	0,
					"packets":	29,
					"lost_percent":	0,
					"omitted":	false
				}],
			"sum":	{
				"start":	4.000161,
				"end":	5.000123,
				"seconds":	0.999962,
				"bytes":	237568,
				"bits_per_second":	1900616.049606,
				"jitter_ms":	48.061024,
				"lost_packets":	0,
				"packets":	29,
				"lost_percent":	0,
				"omitted":	false
			}
		}, {
			"streams":	[{
					"socket":	5,
					"start":	5.000123,
					"end":	5.228755,
					"seconds":	0.228632,
					"bytes":	40960,
					"bits_per_second":	1433220.364231,
					"jitter_ms":	41.237623,
					"lost_packets":	0,
					"packets":	5,
					"lost_percent":	0,
					"omitted":	false
				}],
			"sum":	{
				"start":	5.000123,
				"end":	5.228755,
				"seconds":	0.228632,
				"bytes":	40960,
				"bits_per_second":	1433220.364231,
				"jitter_ms":	41.237623,
				"lost_packets":	0,
				"packets":	5,
				"lost_percent":	0,
				"omitted":	false
			}
		}],
	"end":	{
		"streams":	[{
				"udp":	{
					"socket":	5,
					"start":	0,
					"end":	5.228755,
					"seconds":	5.228755,
					"bytes":	0,
					"bits_per_second":	0,
					"jitter_ms":	41.237623,
					"lost_packets":	2,
					"packets":	99,
					"lost_percent":	2.020202,
					"out_of_order":	0
				}
			}],
		"sum":	{
			"start":	0,
			"end":	5.228755,
			"seconds":	5.228755,
			"bytes":	0,
			"bits_per_second":	0,
			"jitter_ms":	41.237623,
			"lost_packets":	2,
			"packets":	99,
			"lost_percent":	2.020202
		},
		"cpu_utilization_percent":	{
			"host_total":	0.060374,
			"host_user":	0,
			"host_system":	0.060374,
			"remote_total":	0,
			"remote_user":	0,
			"remote_system":	0
		}
	}
}
{
	"start":	{
		"connected":	[],
		"version":	"iperf 3.1.3",
		"system_info":	"Linux test2 3.16.2-mithleshkernel #1 SMP Thu Sep 11 15:38:15 IST 2014 x86_64"
	},
	"intervals":	[],
	"end":	{
	},
	"error":	"interrupt - the server has terminated"
}
