{
	"start":	{
		"connected":	[{
				"socket":	4,
				"local_host":	"192.168.1.43",
				"local_port":	41770,
				"remote_host":	"192.168.1.4",
				"remote_port":	5002
			}],
		"version":	"iperf 3-ANDROID",
		"system_info":	"Linux localhost 3.18.52-g06de20685970 #1 SMP PREEMPT Fri Jun 23 19:50:11 UTC 2017 aarch64",
		"timestamp":	{
			"time":	"Tue, 26 Sep 2017 12:00:42 GMT",
			"timesecs":	1506427242
		},
		"connecting_to":	{
			"host":	"192.168.1.4",
			"port":	5002
		},
		"cookie":	"localhost.1506427242.352796.7876837f",
		"tcp_mss_default":	1448,
		"test_start":	{
			"protocol":	"TCP",
			"num_streams":	1,
			"blksize":	131072,
			"omit":	0,
			"duration":	5,
			"bytes":	0,
			"blocks":	0,
			"reverse":	0
		}
	},
	"intervals":	[{
			"streams":	[{
					"socket":	4,
					"start":	0,
					"end":	1.0013,
					"seconds":	1.0013,
					"bytes":	348968,
					"bits_per_second":	2.78811e+06,
					"retransmits":	0,
					"snd_cwnd":	47784,
					"omitted":	false
				}],
			"sum":	{
				"start":	0,
				"end":	1.0013,
				"seconds":	1.0013,
				"bytes":	348968,
				"bits_per_second":	2.78811e+06,
				"retransmits":	0,
				"omitted":	false
			}
		}, {
			"streams":	[{
					"socket":	4,
					"start":	1.0013,
					"end":	2.00131,
					"seconds":	1.00001,
					"bytes":	120184,
					"bits_per_second":	961463,
					"retransmits":	0,
					"snd_cwnd":	52128,
					"omitted":	false
				}],
			"sum":	{
				"start":	1.0013,
				"end":	2.00131,
				"seconds":	1.00001,
				"bytes":	120184,
				"bits_per_second":	961463,
				"retransmits":	0,
				"omitted":	false
			}
		}, {
			"streams":	[{
					"socket":	4,
					"start":	2.00131,
					"end":	3.00017,
					"seconds":	0.998862,
					"bytes":	118736,
					"bits_per_second":	950970,
					"retransmits":	0,
					"snd_cwnd":	56472,
					"omitted":	false
				}],
			"sum":	{
				"start":	2.00131,
				"end":	3.00017,
				"seconds":	0.998862,
				"bytes":	118736,
				"bits_per_second":	950970,
				"retransmits":	0,
				"omitted":	false
			}
		}, {
			"streams":	[{
					"socket":	4,
					"start":	3.00017,
					"end":	4.00062,
					"seconds":	1.00045,
					"bytes":	153488,
					"bits_per_second":	1.22736e+06,
					"retransmits":	0,
					"snd_cwnd":	65160,
					"omitted":	false
				}],
			"sum":	{
				"start":	3.00017,
				"end":	4.00062,
				"seconds":	1.00045,
				"bytes":	153488,
				"bits_per_second":	1.22736e+06,
				"retransmits":	0,
				"omitted":	false
			}
		}, {
			"streams":	[{
					"socket":	4,
					"start":	4.00062,
					"end":	5.00065,
					"seconds":	1.00003,
					"bytes":	124528,
					"bits_per_second":	996193,
					"retransmits":	0,
					"snd_cwnd":	79640,
					"omitted":	false
				}],
			"sum":	{
				"start":	4.00062,
				"end":	5.00065,
				"seconds":	1.00003,
				"bytes":	124528,
				"bits_per_second":	996193,
				"retransmits":	0,
				"omitted":	false
			}
		}],
	"end":	{
		"streams":	[{
				"sender":	{
					"socket":	4,
					"start":	0,
					"end":	5.00065,
					"seconds":	5.00065,
					"bytes":	865904,
					"bits_per_second":	1.38527e+06,
					"retransmits":	0
				},
				"receiver":	{
					"socket":	4,
					"start":	0,
					"end":	5.00065,
					"seconds":	5.00065,
					"bytes":	612504,
					"bits_per_second":	979879
				}
			}],
		"sum_sent":	{
			"start":	0,
			"end":	5.00065,
			"seconds":	5.00065,
			"bytes":	865904,
			"bits_per_second":	1.38527e+06,
			"retransmits":	0
		},
		"sum_received":	{
			"start":	0,
			"end":	5.00065,
			"seconds":	5.00065,
			"bytes":	612504,
			"bits_per_second":	979879
		},
		"cpu_utilization_percent":	{
			"host_total":	1.48094,
			"host_user":	1.21323,
			"host_system":	0.319259,
			"remote_total":	0.14433,
			"remote_user":	0.037281,
			"remote_system":	0.10705
		}
	}
}
