{
	"start":	{
		"connected":	[{
				"socket":	5,
				"local_host":	"192.168.1.4",
				"local_port":	5002,
				"remote_host":	"192.168.1.43",
				"remote_port":	41770
			}],
		"version":	"iperf 3.1.3",
		"system_info":	"Linux test2 3.16.2-mithleshkernel #1 SMP Thu Sep 11 15:38:15 IST 2014 x86_64",
		"timestamp":	{
			"time":	"Tue, 26 Sep 2017 12:00:42 GMT",
			"timesecs":	1506427242
		},
		"accepted_connection":	{
			"host":	"192.168.1.43",
			"port":	41769
		},
		"cookie":	"localhost.1506427242.352796.7876837f",
		"tcp_mss_default":	1448,
		"test_start":	{
			"protocol":	"TCP",
			"num_streams":	1,
			"blksize":	131072,
			"omit":	0,
			"duration":	5,
			"bytes":	0,
			"blocks":	0,
			"reverse":	0
		}
	},
	"intervals":	[{
			"streams":	[{
					"socket":	5,
					"start":	0,
					"end":	1.000090,
					"seconds":	1.000090,
					"bytes":	83984,
					"bits_per_second":	671811.454858,
					"omitted":	false
				}],
			"sum":	{
				"start":	0,
				"end":	1.000090,
				"seconds":	1.000090,
				"bytes":	83984,
				"bits_per_second":	671811.454858,
				"omitted":	false
			}
		}, {
			"streams":	[{
					"socket":	5,
					"start":	1.000090,
					"end":	2.000120,
					"seconds":	1.000030,
					"bytes":	76744,
					"bits_per_second":	613933.703350,
					"omitted":	false
				}],
			"sum":	{
				"start":	1.000090,
				"end":	2.000120,
				"seconds":	1.000030,
				"bytes":	76744,
				"bits_per_second":	613933.703350,
				"omitted":	false
			}
		}, {
			"streams":	[{
					"socket":	5,
					"start":	2.000120,
					"end":	3.000081,
					"seconds":	0.999961,
					"bytes":	79640,
					"bits_per_second":	637144.760865,
					"omitted":	false
				}],
			"sum":	{
				"start":	2.000120,
				"end":	3.000081,
				"seconds":	0.999961,
				"bytes":	79640,
				"bits_per_second":	637144.760865,
				"omitted":	false
			}
		}, {
			"streams":	[{
					"socket":	5,
					"start":	3.000081,
					"end":	4.000222,
					"seconds":	1.000141,
					"bytes":	163624,
					"bits_per_second":	1308807.581970,
					"omitted":	false
				}],
			"sum":	{
				"start":	3.000081,
				"end":	4.000222,
				"seconds":	1.000141,
				"bytes":	163624,
				"bits_per_second":	1308807.581970,
				"omitted":	false
			}
		}, {
			"streams":	[{
					"socket":	5,
					"start":	4.000222,
					"end":	5.000086,
					"seconds":	0.999864,
					"bytes":	118736,
					"bits_per_second":	950017.105985,
					"omitted":	false
				}],
			"sum":	{
				"start":	4.000222,
				"end":	5.000086,
				"seconds":	0.999864,
				"bytes":	118736,
				"bits_per_second":	950017.105985,
				"omitted":	false
			}
		}, {
			"streams":	[{
					"socket":	5,
					"start":	5.000086,
					"end":	5.380972,
					"seconds":	0.380886,
					"bytes":	89776,
					"bits_per_second":	1885625.364844,
					"omitted":	false
				}],
			"sum":	{
				"start":	5.000086,
				"end":	5.380972,
				"seconds":	0.380886,
				"bytes":	89776,
				"bits_per_second":	1885625.364844,
				"omitted":	false
			}
		}],
	"end":	{
		"streams":	[{
				"sender":	{
					"socket":	5,
					"start":	0,
					"end":	5.380972,
					"seconds":	5.380972,
					"bytes":	0,
					"bits_per_second":	0
				},
				"receiver":	{
					"socket":	5,
					"start":	0,
					"end":	5.380972,
					"seconds":	5.380972,
					"bytes":	612504,
					"bits_per_second":	910622.111258
				}
			}],
		"sum_sent":	{
			"start":	0,
			"end":	5.380972,
			"seconds":	5.380972,
			"bytes":	0,
			"bits_per_second":	0
		},
		"sum_received":	{
			"start":	0,
			"end":	5.380972,
			"seconds":	5.380972,
			"bytes":	612504,
			"bits_per_second":	910622.111258
		},
		"cpu_utilization_percent":	{
			"host_total":	0.144330,
			"host_user":	0.037281,
			"host_system":	0.107050,
			"remote_total":	0,
			"remote_user":	0,
			"remote_system":	0
		}
	}
}
{
	"start":	{
		"connected":	[],
		"version":	"iperf 3.1.3",
		"system_info":	"Linux test2 3.16.2-mithleshkernel #1 SMP Thu Sep 11 15:38:15 IST 2014 x86_64"
	},
	"intervals":	[],
	"end":	{
	},
	"error":	"interrupt - the server has terminated"
}
