{
	"start":	{
		"connected":	[{
				"socket":	4,
				"local_host":	"192.168.1.43",
				"local_port":	43986,
				"remote_host":	"192.168.1.4",
				"remote_port":	5002
			}],
		"version":	"iperf 3-ANDROID",
		"system_info":	"Linux localhost 3.18.52-g06de20685970 #1 SMP PREEMPT Fri Jun 23 19:50:11 UTC 2017 aarch64",
		"timestamp":	{
			"time":	"Tue, 26 Sep 2017 12:00:19 GMT",
			"timesecs":	1506427219
		},
		"connecting_to":	{
			"host":	"192.168.1.4",
			"port":	5002
		},
		"cookie":	"localhost.1506427219.075287.2686539f",
		"test_start":	{
			"protocol":	"UDP",
			"num_streams":	1,
			"blksize":	8192,
			"omit":	0,
			"duration":	5,
			"bytes":	0,
			"blocks":	0,
			"reverse":	1
		}
	},
	"intervals":	[{
			"streams":	[{
					"socket":	4,
					"start":	0,
					"end":	1.00022,
					"seconds":	1.00022,
					"bytes":	1777664,
					"bits_per_second":	1.42181e+07,
					"jitter_ms":	9.04775,
					"lost_packets":	6,
					"packets":	223,
					"lost_percent":	2.69058,
					"omitted":	false
				}],
			"sum":	{
				"start":	0,
				"end":	1.00022,
				"seconds":	1.00022,
				"bytes":	1777664,
				"bits_per_second":	1.42181e+07,
				"jitter_ms":	9.04775,
				"lost_packets":	6,
				"packets":	223,
				"lost_percent":	2.69058,
				"omitted":	false
			}
		}, {
			"streams":	[{
					"socket":	4,
					"start":	1.00022,
					"end":	2.00056,
					"seconds":	1.00033,
					"bytes":	1122304,
					"bits_per_second":	8.97544e+06,
					"jitter_ms":	4.21864,
					"lost_packets":	1017,
					"packets":	1154,
					"lost_percent":	88.1282,
					"omitted":	false
				}],
			"sum":	{
				"start":	1.00022,
				"end":	2.00056,
				"seconds":	1.00033,
				"bytes":	1122304,
				"bits_per_second":	8.97544e+06,
				"jitter_ms":	4.21864,
				"lost_packets":	1017,
				"packets":	1154,
				"lost_percent":	88.1282,
				"omitted":	false
			}
		}, {
			"streams":	[{
					"socket":	4,
					"start":	2.00056,
					"end":	3.00041,
					"seconds":	0.999853,
					"bytes":	933888,
					"bits_per_second":	7.4722e+06,
					"jitter_ms":	11.4703,
					"lost_packets":	1776,
					"packets":	1890,
					"lost_percent":	93.9683,
					"omitted":	false
				}],
			"sum":	{
				"start":	2.00056,
				"end":	3.00041,
				"seconds":	0.999853,
				"bytes":	933888,
				"bits_per_second":	7.4722e+06,
				"jitter_ms":	11.4703,
				"lost_packets":	1776,
				"packets":	1890,
				"lost_percent":	93.9683,
				"omitted":	false
			}
		}, {
			"streams":	[{
					"socket":	4,
					"start":	3.00041,
					"end":	4.00034,
					"seconds":	0.999933,
					"bytes":	1662976,
					"bits_per_second":	1.33047e+07,
					"jitter_ms":	9.53589,
					"lost_packets":	4925,
					"packets":	5128,
					"lost_percent":	96.0413,
					"omitted":	false
				}],
			"sum":	{
				"start":	3.00041,
				"end":	4.00034,
				"seconds":	0.999933,
				"bytes":	1662976,
				"bits_per_second":	1.33047e+07,
				"jitter_ms":	9.53589,
				"lost_packets":	4925,
				"packets":	5128,
				"lost_percent":	96.0413,
				"omitted":	false
			}
		}, {
			"streams":	[{
					"socket":	4,
					"start":	4.00034,
					"end":	5.00069,
					"seconds":	1.00035,
					"bytes":	1155072,
					"bits_per_second":	9.23736e+06,
					"jitter_ms":	6.15695,
					"lost_packets":	2133,
					"packets":	2274,
					"lost_percent":	93.7995,
					"omitted":	false
				}],
			"sum":	{
				"start":	4.00034,
				"end":	5.00069,
				"seconds":	1.00035,
				"bytes":	1155072,
				"bits_per_second":	9.23736e+06,
				"jitter_ms":	6.15695,
				"lost_packets":	2133,
				"packets":	2274,
				"lost_percent":	93.7995,
				"omitted":	false
			}
		}],
	"end":	{
		"streams":	[{
				"udp":	{
					"socket":	4,
					"start":	0,
					"end":	5.00069,
					"seconds":	5.00069,
					"bytes":	131645440,
					"bits_per_second":	2.10604e+08,
					"jitter_ms":	20.8112,
					"lost_packets":	14961,
					"packets":	16014,
					"lost_percent":	93.4245
				}
			}],
		"sum":	{
			"start":	0,
			"end":	5.00069,
			"seconds":	5.00069,
			"bytes":	131645440,
			"bits_per_second":	2.10604e+08,
			"jitter_ms":	20.8112,
			"lost_packets":	14961,
			"packets":	16014,
			"lost_percent":	93.4245
		},
		"cpu_utilization_percent":	{
			"host_total":	1.08786,
			"host_user":	0.0642424,
			"host_system":	1.02799,
			"remote_total":	1.03102,
			"remote_user":	0.127585,
			"remote_system":	0.903434
		}
	}
}
