{
	"start":	{
		"connected":	[{
				"socket":	5,
				"local_host":	"192.168.1.4",
				"local_port":	5002,
				"remote_host":	"192.168.1.43",
				"remote_port":	43986
			}],
		"version":	"iperf 3.1.3",
		"system_info":	"Linux test2 3.16.2-mithleshkernel #1 SMP Thu Sep 11 15:38:15 IST 2014 x86_64",
		"timestamp":	{
			"time":	"Tue, 26 Sep 2017 12:00:19 GMT",
			"timesecs":	1506427219
		},
		"accepted_connection":	{
			"host":	"192.168.1.43",
			"port":	41768
		},
		"cookie":	"localhost.1506427219.075287.2686539f",
		"test_start":	{
			"protocol":	"UDP",
			"num_streams":	1,
			"blksize":	8192,
			"omit":	0,
			"duration":	5,
			"bytes":	0,
			"blocks":	0,
			"reverse":	1
		}
	},
	"intervals":	[{
			"streams":	[{
					"socket":	5,
					"start":	0,
					"end":	1.000100,
					"seconds":	1.000100,
					"bytes":	24338432,
					"bits_per_second":	194687960.764671,
					"packets":	2971,
					"omitted":	false
				}],
			"sum":	{
				"start":	0,
				"end":	1.000100,
				"seconds":	1.000100,
				"bytes":	24338432,
				"bits_per_second":	194687960.764671,
				"packets":	2971,
				"omitted":	false
			}
		}, {
			"streams":	[{
					"socket":	5,
					"start":	1.000100,
					"end":	2.000149,
					"seconds":	1.000049,
					"bytes":	26042368,
					"bits_per_second":	208328761.763290,
					"packets":	3179,
					"omitted":	false
				}],
			"sum":	{
				"start":	1.000100,
				"end":	2.000149,
				"seconds":	1.000049,
				"bytes":	26042368,
				"bits_per_second":	208328761.763290,
				"packets":	3179,
				"omitted":	false
			}
		}, {
			"streams":	[{
					"socket":	5,
					"start":	2.000149,
					"end":	3.000142,
					"seconds":	0.999993,
					"bytes":	26206208,
					"bits_per_second":	209651113.556897,
					"packets":	3199,
					"omitted":	false
				}],
			"sum":	{
				"start":	2.000149,
				"end":	3.000142,
				"seconds":	0.999993,
				"bytes":	26206208,
				"bits_per_second":	209651113.556897,
				"packets":	3199,
				"omitted":	false
			}
		}, {
			"streams":	[{
					"socket":	5,
					"start":	3.000142,
					"end":	4.000107,
					"seconds":	0.999965,
					"bytes":	26214400,
					"bits_per_second":	209722550.257608,
					"packets":	3200,
					"omitted":	false
				}],
			"sum":	{
				"start":	3.000142,
				"end":	4.000107,
				"seconds":	0.999965,
				"bytes":	26214400,
				"bits_per_second":	209722550.257608,
				"packets":	3200,
				"omitted":	false
			}
		}, {
			"streams":	[{
					"socket":	5,
					"start":	4.000107,
					"end":	5.000144,
					"seconds":	1.000037,
					"bytes":	26214400,
					"bits_per_second":	209707450.286390,
					"packets":	3200,
					"omitted":	false
				}],
			"sum":	{
				"start":	4.000107,
				"end":	5.000144,
				"seconds":	1.000037,
				"bytes":	26214400,
				"bits_per_second":	209707450.286390,
				"packets":	3200,
				"omitted":	false
			}
		}, {
			"streams":	[{
					"socket":	5,
					"start":	5.000144,
					"end":	5.071970,
					"seconds":	0.071826,
					"bytes":	2629632,
					"bits_per_second":	292889225.682215,
					"packets":	321,
					"omitted":	false
				}],
			"sum":	{
				"start":	5.000144,
				"end":	5.071970,
				"seconds":	0.071826,
				"bytes":	2629632,
				"bits_per_second":	292889225.682215,
				"packets":	321,
				"omitted":	false
			}
		}],
	"end":	{
		"streams":	[{
				"udp":	{
					"socket":	5,
					"start":	0,
					"end":	5.071970,
					"seconds":	5.071970,
					"bytes":	131645440,
					"bits_per_second":	207643878.594495,
					"jitter_ms":	0,
					"lost_packets":	0,
					"packets":	16070,
					"lost_percent":	0,
					"out_of_order":	0
				}
			}],
		"sum":	{
			"start":	0,
			"end":	5.071970,
			"seconds":	5.071970,
			"bytes":	131645440,
			"bits_per_second":	207643878.594495,
			"jitter_ms":	0,
			"lost_packets":	0,
			"packets":	16070,
			"lost_percent":	0
		},
		"cpu_utilization_percent":	{
			"host_total":	1.031019,
			"host_user":	0.127585,
			"host_system":	0.903434,
			"remote_total":	0,
			"remote_user":	0,
			"remote_system":	0
		}
	}
}
{
	"start":	{
		"connected":	[],
		"version":	"iperf 3.1.3",
		"system_info":	"Linux test2 3.16.2-mithleshkernel #1 SMP Thu Sep 11 15:38:15 IST 2014 x86_64"
	},
	"intervals":	[],
	"end":	{
	},
	"error":	"interrupt - the server has terminated"
}
