{
	"start":	{
		"connected":	[{
				"socket":	4,
				"local_host":	"192.168.1.43",
				"local_port":	49525,
				"remote_host":	"192.168.1.4",
				"remote_port":	5002
			}],
		"version":	"iperf 3-ANDROID",
		"system_info":	"Linux localhost 3.18.52-g06de20685970 #1 SMP PREEMPT Fri Jun 23 19:50:11 UTC 2017 aarch64",
		"timestamp":	{
			"time":	"Tue, 26 Sep 2017 11:59:26 GMT",
			"timesecs":	1506427166
		},
		"connecting_to":	{
			"host":	"192.168.1.4",
			"port":	5002
		},
		"cookie":	"localhost.1506427166.131826.7ab1a96d",
		"test_start":	{
			"protocol":	"UDP",
			"num_streams":	1,
			"blksize":	8192,
			"omit":	0,
			"duration":	5,
			"bytes":	0,
			"blocks":	0,
			"reverse":	0
		}
	},
	"intervals":	[{
			"streams":	[{
					"socket":	4,
					"start":	0,
					"end":	1.00087,
					"seconds":	1.00087,
					"bytes":	212992,
					"bits_per_second":	1.70246e+06,
					"packets":	26,
					"omitted":	false
				}],
			"sum":	{
				"start":	0,
				"end":	1.00087,
				"seconds":	1.00087,
				"bytes":	212992,
				"bits_per_second":	1.70246e+06,
				"packets":	26,
				"omitted":	false
			}
		}, {
			"streams":	[{
					"socket":	4,
					"start":	1.00087,
					"end":	2.00051,
					"seconds":	0.999644,
					"bytes":	147456,
					"bits_per_second":	1.18007e+06,
					"packets":	18,
					"omitted":	false
				}],
			"sum":	{
				"start":	1.00087,
				"end":	2.00051,
				"seconds":	0.999644,
				"bytes":	147456,
				"bits_per_second":	1.18007e+06,
				"packets":	18,
				"omitted":	false
			}
		}, {
			"streams":	[{
					"socket":	4,
					"start":	2.00051,
					"end":	3.00041,
					"seconds":	0.999899,
					"bytes":	90112,
					"bits_per_second":	720969,
					"packets":	11,
					"omitted":	false
				}],
			"sum":	{
				"start":	2.00051,
				"end":	3.00041,
				"seconds":	0.999899,
				"bytes":	90112,
				"bits_per_second":	720969,
				"packets":	11,
				"omitted":	false
			}
		}, {
			"streams":	[{
					"socket":	4,
					"start":	3.00041,
					"end":	4.00027,
					"seconds":	0.999858,
					"bytes":	81920,
					"bits_per_second":	655453,
					"packets":	10,
					"omitted":	false
				}],
			"sum":	{
				"start":	3.00041,
				"end":	4.00027,
				"seconds":	0.999858,
				"bytes":	81920,
				"bits_per_second":	655453,
				"packets":	10,
				"omitted":	false
			}
		}, {
			"streams":	[{
					"socket":	4,
					"start":	4.00027,
					"end":	5.00076,
					"seconds":	1.00049,
					"bytes":	49152,
					"bits_per_second":	393023,
					"packets":	6,
					"omitted":	false
				}],
			"sum":	{
				"start":	4.00027,
				"end":	5.00076,
				"seconds":	1.00049,
				"bytes":	49152,
				"bits_per_second":	393023,
				"packets":	6,
				"omitted":	false
			}
		}],
	"end":	{
		"streams":	[{
				"udp":	{
					"socket":	4,
					"start":	0,
					"end":	5.00076,
					"seconds":	5.00076,
					"bytes":	581632,
					"bits_per_second":	930469,
					"jitter_ms":	76.769,
					"lost_packets":	3,
					"packets":	70,
					"lost_percent":	4.28571
				}
			}],
		"sum":	{
			"start":	0,
			"end":	5.00076,
			"seconds":	5.00076,
			"bytes":	581632,
			"bits_per_second":	930469,
			"jitter_ms":	76.769,
			"lost_packets":	3,
			"packets":	70,
			"lost_percent":	4.28571
		},
		"cpu_utilization_percent":	{
			"host_total":	1.93831,
			"host_user":	0.254924,
			"host_system":	1.72078,
			"remote_total":	0.008673,
			"remote_user":	0,
			"remote_system":	0.008675
		}
	}
}
